<?xml version="1.0" encoding="UTF-8"?>
<coverage generated="1678183034797" clover="3.2.0">
  <project timestamp="1678183034797" name="All files">
    <metrics statements="3" coveredstatements="3" conditionals="0" coveredconditionals="0" methods="1" coveredmethods="1" elements="4" coveredelements="4" complexity="0" loc="3" ncloc="3" packages="1" files="1" classes="1"/>
    <file name="App.tsx" path="C:\Users\Leon\Documents\Programación\ISDI Coders\Bootcamp\week-08-front-react-vite\src\components\app\App.tsx">
      <metrics statements="3" coveredstatements="3" conditionals="0" coveredconditionals="0" methods="1" coveredmethods="1"/>
      <line num="1" count="1" type="stmt"/>
      <line num="3" count="1" type="stmt"/>
      <line num="4" count="1" type="stmt"/>
    </file>
  </project>
</coverage>
