{"C:\\Users\\Leon\\Documents\\Programación\\ISDI Coders\\Bootcamp\\week-08-front-react-vite\\src\\components\\app\\App.tsx": {"path":"C:\\Users\\Leon\\Documents\\Programación\\ISDI Coders\\Bootcamp\\week-08-front-react-vite\\src\\components\\app\\App.tsx","statementMap":{"0":{"start":{"line":1,"column":0},"end":{"line":1,"column":19}},"1":{"start":{"line":4,"column":2},"end":{"line":8,"column":4}},"2":{"start":{"line":3,"column":0},"end":{"line":3,"column":16}}},"fnMap":{"0":{"name":"App","decl":{"start":{"line":3,"column":16},"end":{"line":3,"column":19}},"loc":{"start":{"line":3,"column":19},"end":{"line":9,"column":1}}}},"branchMap":{},"s":{"0":1,"1":1,"2":1},"f":{"0":1},"b":{}}
}
